2015-12-13 23:09:28 Error: [MissingTableException] Table memberships for model Membership was not found in datasource default.
Exception Attributes: array (
  'table' => 'memberships',
  'class' => 'Membership',
  'ds' => 'default',
)
Request URL: /login
Stack Trace:
#0 E:\xampp\htdocs\base_cake\lib\Cake\Model\Model.php(3501): Model->setSource('memberships')
#1 E:\xampp\htdocs\base_cake\lib\Cake\Model\Model.php(1357): Model->getDataSource()
#2 E:\xampp\htdocs\base_cake\lib\Cake\Model\Datasource\DboSource.php(2494): Model->schema()
#3 E:\xampp\htdocs\base_cake\lib\Cake\Model\Datasource\DboSource.php(1719): DboSource->fields(Object(Membership), 'Membership', '')
#4 E:\xampp\htdocs\base_cake\lib\Cake\Model\Datasource\DboSource.php(1093): DboSource->generateAssociationQuery(Object(User), Object(Membership), 'belongsTo', 'Membership', Array, Array, false)
#5 E:\xampp\htdocs\base_cake\lib\Cake\Model\Model.php(2905): DboSource->read(Object(User), Array)
#6 E:\xampp\htdocs\base_cake\lib\Cake\Model\Model.php(2877): Model->_readDataSource('first', Array)
#7 E:\xampp\htdocs\base_cake\lib\Cake\Model\Datasource\DboSource.php(597): Model->find('first', Array)
#8 E:\xampp\htdocs\base_cake\lib\Cake\Model\Model.php(800): DboSource->query('findByUsername', Array, Object(User))
#9 E:\xampp\htdocs\base_cake\app\Plugin\Usermgmt\Controller\UsersController.php(183): Model->__call('findByUsername', Array)
#10 E:\xampp\htdocs\base_cake\app\Plugin\Usermgmt\Controller\UsersController.php(183): User->findByUsername('admin')
#11 [internal function]: UsersController->login()
#12 E:\xampp\htdocs\base_cake\lib\Cake\Controller\Controller.php(490): ReflectionMethod->invokeArgs(Object(UsersController), Array)
#13 E:\xampp\htdocs\base_cake\lib\Cake\Routing\Dispatcher.php(191): Controller->invokeAction(Object(CakeRequest))
#14 E:\xampp\htdocs\base_cake\lib\Cake\Routing\Dispatcher.php(165): Dispatcher->_invoke(Object(UsersController), Object(CakeRequest))
#15 E:\xampp\htdocs\base_cake\app\webroot\index.php(108): Dispatcher->dispatch(Object(CakeRequest), Object(CakeResponse))
#16 {main}
2015-12-13 23:10:25 Error: [MissingTableException] Table memberships for model Membership was not found in datasource default.
Exception Attributes: array (
  'table' => 'memberships',
  'class' => 'Membership',
  'ds' => 'default',
)
Request URL: /login
Stack Trace:
#0 E:\xampp\htdocs\base_cake\lib\Cake\Model\Model.php(3501): Model->setSource('memberships')
#1 E:\xampp\htdocs\base_cake\lib\Cake\Model\Model.php(1357): Model->getDataSource()
#2 E:\xampp\htdocs\base_cake\lib\Cake\Model\Datasource\DboSource.php(2494): Model->schema()
#3 E:\xampp\htdocs\base_cake\lib\Cake\Model\Datasource\DboSource.php(1719): DboSource->fields(Object(Membership), 'Membership', '')
#4 E:\xampp\htdocs\base_cake\lib\Cake\Model\Datasource\DboSource.php(1093): DboSource->generateAssociationQuery(Object(User), Object(Membership), 'belongsTo', 'Membership', Array, Array, false)
#5 E:\xampp\htdocs\base_cake\lib\Cake\Model\Model.php(2905): DboSource->read(Object(User), Array)
#6 E:\xampp\htdocs\base_cake\lib\Cake\Model\Model.php(2877): Model->_readDataSource('first', Array)
#7 E:\xampp\htdocs\base_cake\lib\Cake\Model\Datasource\DboSource.php(597): Model->find('first', Array)
#8 E:\xampp\htdocs\base_cake\lib\Cake\Model\Model.php(800): DboSource->query('findByUsername', Array, Object(User))
#9 E:\xampp\htdocs\base_cake\app\Plugin\Usermgmt\Controller\UsersController.php(183): Model->__call('findByUsername', Array)
#10 E:\xampp\htdocs\base_cake\app\Plugin\Usermgmt\Controller\UsersController.php(183): User->findByUsername('admin')
#11 [internal function]: UsersController->login()
#12 E:\xampp\htdocs\base_cake\lib\Cake\Controller\Controller.php(490): ReflectionMethod->invokeArgs(Object(UsersController), Array)
#13 E:\xampp\htdocs\base_cake\lib\Cake\Routing\Dispatcher.php(191): Controller->invokeAction(Object(CakeRequest))
#14 E:\xampp\htdocs\base_cake\lib\Cake\Routing\Dispatcher.php(165): Dispatcher->_invoke(Object(UsersController), Object(CakeRequest))
#15 E:\xampp\htdocs\base_cake\app\webroot\index.php(108): Dispatcher->dispatch(Object(CakeRequest), Object(CakeResponse))
#16 {main}
2015-12-13 23:10:52 Warning: Warning (2): Invalid argument supplied for foreach() in [E:\xampp\htdocs\base_cake\app\View\Elements\admin.ctp, line 268]
Trace:
include - APP\View\Elements\admin.ctp, line 268
View::_evaluate() - CORE\Cake\View\View.php, line 948
View::_render() - CORE\Cake\View\View.php, line 910
View::_renderElement() - CORE\Cake\View\View.php, line 1213
View::element() - CORE\Cake\View\View.php, line 418
include - APP\View\Layouts\guest.ctp, line 53
View::_evaluate() - CORE\Cake\View\View.php, line 948
View::_render() - CORE\Cake\View\View.php, line 910
View::renderLayout() - CORE\Cake\View\View.php, line 542
View::render() - CORE\Cake\View\View.php, line 479
Controller::render() - CORE\Cake\Controller\Controller.php, line 954
Dispatcher::_invoke() - CORE\Cake\Routing\Dispatcher.php, line 198
Dispatcher::dispatch() - CORE\Cake\Routing\Dispatcher.php, line 165
[main] - APP\webroot\index.php, line 108

2015-12-13 23:10:52 Warning: Warning (2): Invalid argument supplied for foreach() in [E:\xampp\htdocs\base_cake\app\View\Elements\admin.ctp, line 294]
Trace:
include - APP\View\Elements\admin.ctp, line 294
View::_evaluate() - CORE\Cake\View\View.php, line 948
View::_render() - CORE\Cake\View\View.php, line 910
View::_renderElement() - CORE\Cake\View\View.php, line 1213
View::element() - CORE\Cake\View\View.php, line 418
include - APP\View\Layouts\guest.ctp, line 53
View::_evaluate() - CORE\Cake\View\View.php, line 948
View::_render() - CORE\Cake\View\View.php, line 910
View::renderLayout() - CORE\Cake\View\View.php, line 542
View::render() - CORE\Cake\View\View.php, line 479
Controller::render() - CORE\Cake\Controller\Controller.php, line 954
Dispatcher::_invoke() - CORE\Cake\Routing\Dispatcher.php, line 198
Dispatcher::dispatch() - CORE\Cake\Routing\Dispatcher.php, line 165
[main] - APP\webroot\index.php, line 108

2015-12-13 17:10:57 Error: [MissingControllerException] Controller class StatisticsController could not be found.
Exception Attributes: array (
  'class' => 'StatisticsController',
  'plugin' => NULL,
)
Request URL: /statistics/
Stack Trace:
#0 E:\xampp\htdocs\base_cake\app\webroot\index.php(108): Dispatcher->dispatch(Object(CakeRequest), Object(CakeResponse))
#1 {main}
2015-12-13 23:10:57 Warning: Warning (2): Invalid argument supplied for foreach() in [E:\xampp\htdocs\base_cake\app\View\Elements\admin.ctp, line 268]
Trace:
include - APP\View\Elements\admin.ctp, line 268
View::_evaluate() - CORE\Cake\View\View.php, line 948
View::_render() - CORE\Cake\View\View.php, line 910
View::_renderElement() - CORE\Cake\View\View.php, line 1213
View::element() - CORE\Cake\View\View.php, line 418
include - APP\View\Layouts\guest.ctp, line 53
View::_evaluate() - CORE\Cake\View\View.php, line 948
View::_render() - CORE\Cake\View\View.php, line 910
View::renderLayout() - CORE\Cake\View\View.php, line 542
View::render() - CORE\Cake\View\View.php, line 479
Controller::render() - CORE\Cake\Controller\Controller.php, line 954
ExceptionRenderer::_outputMessage() - CORE\Cake\Error\ExceptionRenderer.php, line 278
ExceptionRenderer::error400() - CORE\Cake\Error\ExceptionRenderer.php, line 222
ExceptionRenderer::render() - CORE\Cake\Error\ExceptionRenderer.php, line 176
ErrorHandler::handleException() - CORE\Cake\Error\ErrorHandler.php, line 120
[main] - [internal], line ??

2015-12-13 23:10:57 Warning: Warning (2): Invalid argument supplied for foreach() in [E:\xampp\htdocs\base_cake\app\View\Elements\admin.ctp, line 294]
Trace:
include - APP\View\Elements\admin.ctp, line 294
View::_evaluate() - CORE\Cake\View\View.php, line 948
View::_render() - CORE\Cake\View\View.php, line 910
View::_renderElement() - CORE\Cake\View\View.php, line 1213
View::element() - CORE\Cake\View\View.php, line 418
include - APP\View\Layouts\guest.ctp, line 53
View::_evaluate() - CORE\Cake\View\View.php, line 948
View::_render() - CORE\Cake\View\View.php, line 910
View::renderLayout() - CORE\Cake\View\View.php, line 542
View::render() - CORE\Cake\View\View.php, line 479
Controller::render() - CORE\Cake\Controller\Controller.php, line 954
ExceptionRenderer::_outputMessage() - CORE\Cake\Error\ExceptionRenderer.php, line 278
ExceptionRenderer::error400() - CORE\Cake\Error\ExceptionRenderer.php, line 222
ExceptionRenderer::render() - CORE\Cake\Error\ExceptionRenderer.php, line 176
ErrorHandler::handleException() - CORE\Cake\Error\ErrorHandler.php, line 120
[main] - [internal], line ??

2015-12-13 23:11:05 Warning: Warning (2): Invalid argument supplied for foreach() in [E:\xampp\htdocs\base_cake\app\View\Elements\admin.ctp, line 268]
Trace:
include - APP\View\Elements\admin.ctp, line 268
View::_evaluate() - CORE\Cake\View\View.php, line 948
View::_render() - CORE\Cake\View\View.php, line 910
View::_renderElement() - CORE\Cake\View\View.php, line 1213
View::element() - CORE\Cake\View\View.php, line 418
include - APP\View\Layouts\guest.ctp, line 53
View::_evaluate() - CORE\Cake\View\View.php, line 948
View::_render() - CORE\Cake\View\View.php, line 910
View::renderLayout() - CORE\Cake\View\View.php, line 542
View::render() - CORE\Cake\View\View.php, line 479
Controller::render() - CORE\Cake\Controller\Controller.php, line 954
Dispatcher::_invoke() - CORE\Cake\Routing\Dispatcher.php, line 198
Dispatcher::dispatch() - CORE\Cake\Routing\Dispatcher.php, line 165
[main] - APP\webroot\index.php, line 108

2015-12-13 23:11:05 Warning: Warning (2): Invalid argument supplied for foreach() in [E:\xampp\htdocs\base_cake\app\View\Elements\admin.ctp, line 294]
Trace:
include - APP\View\Elements\admin.ctp, line 294
View::_evaluate() - CORE\Cake\View\View.php, line 948
View::_render() - CORE\Cake\View\View.php, line 910
View::_renderElement() - CORE\Cake\View\View.php, line 1213
View::element() - CORE\Cake\View\View.php, line 418
include - APP\View\Layouts\guest.ctp, line 53
View::_evaluate() - CORE\Cake\View\View.php, line 948
View::_render() - CORE\Cake\View\View.php, line 910
View::renderLayout() - CORE\Cake\View\View.php, line 542
View::render() - CORE\Cake\View\View.php, line 479
Controller::render() - CORE\Cake\Controller\Controller.php, line 954
Dispatcher::_invoke() - CORE\Cake\Routing\Dispatcher.php, line 198
Dispatcher::dispatch() - CORE\Cake\Routing\Dispatcher.php, line 165
[main] - APP\webroot\index.php, line 108

2015-12-13 17:11:10 Error: [MissingControllerException] Controller class ProfileController could not be found.
Exception Attributes: array (
  'class' => 'ProfileController',
  'plugin' => NULL,
)
Request URL: /profile
Stack Trace:
#0 E:\xampp\htdocs\base_cake\app\webroot\index.php(108): Dispatcher->dispatch(Object(CakeRequest), Object(CakeResponse))
#1 {main}
2015-12-13 23:11:10 Warning: Warning (2): Invalid argument supplied for foreach() in [E:\xampp\htdocs\base_cake\app\View\Elements\admin.ctp, line 268]
Trace:
include - APP\View\Elements\admin.ctp, line 268
View::_evaluate() - CORE\Cake\View\View.php, line 948
View::_render() - CORE\Cake\View\View.php, line 910
View::_renderElement() - CORE\Cake\View\View.php, line 1213
View::element() - CORE\Cake\View\View.php, line 418
include - APP\View\Layouts\guest.ctp, line 53
View::_evaluate() - CORE\Cake\View\View.php, line 948
View::_render() - CORE\Cake\View\View.php, line 910
View::renderLayout() - CORE\Cake\View\View.php, line 542
View::render() - CORE\Cake\View\View.php, line 479
Controller::render() - CORE\Cake\Controller\Controller.php, line 954
ExceptionRenderer::_outputMessage() - CORE\Cake\Error\ExceptionRenderer.php, line 278
ExceptionRenderer::error400() - CORE\Cake\Error\ExceptionRenderer.php, line 222
ExceptionRenderer::render() - CORE\Cake\Error\ExceptionRenderer.php, line 176
ErrorHandler::handleException() - CORE\Cake\Error\ErrorHandler.php, line 120
[main] - [internal], line ??

2015-12-13 23:11:10 Warning: Warning (2): Invalid argument supplied for foreach() in [E:\xampp\htdocs\base_cake\app\View\Elements\admin.ctp, line 294]
Trace:
include - APP\View\Elements\admin.ctp, line 294
View::_evaluate() - CORE\Cake\View\View.php, line 948
View::_render() - CORE\Cake\View\View.php, line 910
View::_renderElement() - CORE\Cake\View\View.php, line 1213
View::element() - CORE\Cake\View\View.php, line 418
include - APP\View\Layouts\guest.ctp, line 53
View::_evaluate() - CORE\Cake\View\View.php, line 948
View::_render() - CORE\Cake\View\View.php, line 910
View::renderLayout() - CORE\Cake\View\View.php, line 542
View::render() - CORE\Cake\View\View.php, line 479
Controller::render() - CORE\Cake\Controller\Controller.php, line 954
ExceptionRenderer::_outputMessage() - CORE\Cake\Error\ExceptionRenderer.php, line 278
ExceptionRenderer::error400() - CORE\Cake\Error\ExceptionRenderer.php, line 222
ExceptionRenderer::render() - CORE\Cake\Error\ExceptionRenderer.php, line 176
ErrorHandler::handleException() - CORE\Cake\Error\ErrorHandler.php, line 120
[main] - [internal], line ??

2015-12-13 23:11:15 Warning: Warning (2): Invalid argument supplied for foreach() in [E:\xampp\htdocs\base_cake\app\View\Elements\admin.ctp, line 268]
Trace:
include - APP\View\Elements\admin.ctp, line 268
View::_evaluate() - CORE\Cake\View\View.php, line 948
View::_render() - CORE\Cake\View\View.php, line 910
View::_renderElement() - CORE\Cake\View\View.php, line 1213
View::element() - CORE\Cake\View\View.php, line 418
include - APP\View\Layouts\guest.ctp, line 53
View::_evaluate() - CORE\Cake\View\View.php, line 948
View::_render() - CORE\Cake\View\View.php, line 910
View::renderLayout() - CORE\Cake\View\View.php, line 542
View::render() - CORE\Cake\View\View.php, line 479
Controller::render() - CORE\Cake\Controller\Controller.php, line 954
Dispatcher::_invoke() - CORE\Cake\Routing\Dispatcher.php, line 198
Dispatcher::dispatch() - CORE\Cake\Routing\Dispatcher.php, line 165
[main] - APP\webroot\index.php, line 108

2015-12-13 23:11:15 Warning: Warning (2): Invalid argument supplied for foreach() in [E:\xampp\htdocs\base_cake\app\View\Elements\admin.ctp, line 294]
Trace:
include - APP\View\Elements\admin.ctp, line 294
View::_evaluate() - CORE\Cake\View\View.php, line 948
View::_render() - CORE\Cake\View\View.php, line 910
View::_renderElement() - CORE\Cake\View\View.php, line 1213
View::element() - CORE\Cake\View\View.php, line 418
include - APP\View\Layouts\guest.ctp, line 53
View::_evaluate() - CORE\Cake\View\View.php, line 948
View::_render() - CORE\Cake\View\View.php, line 910
View::renderLayout() - CORE\Cake\View\View.php, line 542
View::render() - CORE\Cake\View\View.php, line 479
Controller::render() - CORE\Cake\Controller\Controller.php, line 954
Dispatcher::_invoke() - CORE\Cake\Routing\Dispatcher.php, line 198
Dispatcher::dispatch() - CORE\Cake\Routing\Dispatcher.php, line 165
[main] - APP\webroot\index.php, line 108

